[debug] [2021-07-17T07:02:46.136Z] ----------------------------------------------------------------------
[debug] [2021-07-17T07:02:46.138Z] Command:       C:\Program Files\nodejs\node.exe C:\Users\HP\AppData\Roaming\npm\node_modules\firebase-tools\lib\bin\firebase.js init
[debug] [2021-07-17T07:02:46.139Z] CLI Version:   9.16.0
[debug] [2021-07-17T07:02:46.139Z] Platform:      win32
[debug] [2021-07-17T07:02:46.139Z] Node Version:  v14.17.0
[debug] [2021-07-17T07:02:46.140Z] Time:          Sat Jul 17 2021 12:32:46 GMT+0530 (India Standard Time)
[debug] [2021-07-17T07:02:46.140Z] ----------------------------------------------------------------------
[debug] 
[debug] [2021-07-17T07:02:46.146Z] >>> [apiv2][query] GET https://firebase-public.firebaseio.com/cli.json [none]
[debug] [2021-07-17T07:02:46.171Z] > command requires scopes: ["email","openid","https://www.googleapis.com/auth/cloudplatformprojects.readonly","https://www.googleapis.com/auth/firebase","https://www.googleapis.com/auth/cloud-platform"]
[debug] [2021-07-17T07:02:46.172Z] > authorizing via signed-in user (harshityadav460@gmail.com)
[info] 
     ######## #### ########  ######## ########     ###     ######  ########
     ##        ##  ##     ## ##       ##     ##  ##   ##  ##       ##
     ######    ##  ########  ######   ########  #########  ######  ######
     ##        ##  ##    ##  ##       ##     ## ##     ##       ## ##
     ##       #### ##     ## ######## ########  ##     ##  ######  ########

You're about to initialize a Firebase project in this directory:

  C:\Users\HP\OneDrive\Desktop\Development\React Projects\chat-x

[debug] [2021-07-17T07:02:47.442Z] <<< [apiv2][status] GET https://firebase-public.firebaseio.com/cli.json 200
[debug] [2021-07-17T07:02:47.442Z] <<< [apiv2][body] GET https://firebase-public.firebaseio.com/cli.json {"cloudBuildErrorAfter":1594252800000,"cloudBuildWarnAfter":1590019200000,"defaultNode10After":1594252800000,"minVersion":"3.0.5","node8DeploysDisabledAfter":1613390400000,"node8RuntimeDisabledAfter":1615809600000,"node8WarnAfter":1600128000000}
